<?xml version="1.0" encoding="UTF-8"?>
<testsuites name="Mocha Tests" time="0.035" tests="3" failures="0">
  <testsuite name="Root Suite" timestamp="2019-03-30T14:58:33" tests="0" failures="0" time="0">
  </testsuite>
  <testsuite name="loading express" timestamp="2019-03-30T14:58:33" tests="3" file="D:\Repositories\GitHub\apple\test\spec.js" failures="0" time="0.035">
    <testcase name="loading express responds to /" time="0.026" classname="responds to /">
    </testcase>
    <testcase name="loading express responds to /test" time="0.006" classname="responds to /test">
    </testcase>
    <testcase name="loading express 404 everything else" time="0.003" classname="404 everything else">
    </testcase>
  </testsuite>
</testsuites>